{"/home/karthik/karthik/release_caandidate/nodejs_code_coverage/ghostInTheShell.js":{"path":"/home/karthik/karthik/release_caandidate/nodejs_code_coverage/ghostInTheShell.js","s":{"1":1,"2":1,"3":1},"b":{},"f":{"1":1},"fnMap":{"1":{"name":"(anonymous_1)","line":3,"loc":{"start":{"line":3,"column":33},"end":{"line":3,"column":43}}}},"statementMap":{"1":{"start":{"line":1,"column":0},"end":{"line":1,"column":35}},"2":{"start":{"line":3,"column":0},"end":{"line":5,"column":1}},"3":{"start":{"line":4,"column":2},"end":{"line":4,"column":22}}},"branchMap":{}}}